<?xml version="1.0" encoding="UTF-8"?>
<testsuite xmlns:xsi="http://www.w3.org/2001/XMLSchema-instance" xsi:noNamespaceSchemaLocation="https://maven.apache.org/surefire/maven-surefire-plugin/xsd/surefire-test-report-3.0.xsd" version="3.0" name="edu.escuelaing.arep.SimpleWebServerTest" time="1.398" tests="5" errors="0" skipped="0" failures="0">
  <properties>
[...]
</properties>
  <testcase name="testHandleFileNotFound" classname="edu.escuelaing.arep.SimpleWebServerTest" time="0.311">
    <system-out><![CDATA[Ready to receive on port 8080...
Request line: GET /nonexistentfile.html HTTP/1.1
Header: Connection: Upgrade, HTTP2-Settings
]]></system-out>
  </testcase>
  <testcase name="testEchoServicePOST" classname="edu.escuelaing.arep.SimpleWebServerTest" time="0.009">
    <system-out><![CDATA[Request line: POST /app/echo HTTP/1.1
Header: Connection: Upgrade, HTTP2-Settings
Respuesta texto plano: Echo: Test message
]]></system-out>
  </testcase>
  <testcase name="testConcurrentRequests" classname="edu.escuelaing.arep.SimpleWebServerTest" time="0.017">
    <system-out><![CDATA[Request line: GET /index.html HTTP/1.1
Header: Connection: Upgrade, HTTP2-Settings
Request line: GET /index.html HTTP/1.1
Header: Connection: Upgrade, HTTP2-Settings
Request line: GET /index.html HTTP/1.1
Header: Connection: Upgrade, HTTP2-Settings
Request line: GET /index.html HTTP/1.1
Header: Connection: Upgrade, HTTP2-Settings
Request line: GET /index.html HTTP/1.1
Header: Connection: Upgrade, HTTP2-Settings
Request line: GET /index.html HTTP/1.1
Request line: GET /index.html HTTP/1.1
Header: Connection: Upgrade, HTTP2-Settings
Header: Connection: Upgrade, HTTP2-Settings
Request line: GET /index.html HTTP/1.1
Header: Connection: Upgrade, HTTP2-Settings
Request line: GET /index.html HTTP/1.1
Header: Connection: Upgrade, HTTP2-Settings
Request line: GET /index.html HTTP/1.1
Header: Connection: Upgrade, HTTP2-Settings
Status Code: 200
Status Code: 200
Status Code: 200
Status Code: 200
Status Code: 200
Status Code: 200
Status Code: 200
Status Code: 200
Status Code: 200
Status Code: 200
]]></system-out>
  </testcase>
  <testcase name="testHelloServiceGET" classname="edu.escuelaing.arep.SimpleWebServerTest" time="0.01">
    <system-out><![CDATA[Request line: GET /app/hello?name=sebas HTTP/1.1
Header: Connection: Upgrade, HTTP2-Settings
Respuesta texto plano: Hola, sebas
]]></system-out>
  </testcase>
  <testcase name="testGetContentType" classname="edu.escuelaing.arep.SimpleWebServerTest" time="0.007"/>
</testsuite>